<?xml version="1.0" encoding="UTF-8"?>
<!-- Generated by org.testng.reporters.JUnitReportReporter -->
<testsuite hostname="LAPTOP-8O7JII5M" failures="0" tests="2" name="com.rava.test.LoginTest" time="36.759" errors="0" timestamp="2024-07-09T17:15:28 IST" skipped="0">
  <testcase classname="com.rava.test.LoginTest" name="LoginWithPassword" time="2.478"/>
  <system-out/>
  <testcase classname="com.rava.test.LoginTest" name="onboarding" time="34.281"/>
  <system-out/>
</testsuite> <!-- com.rava.test.LoginTest -->
